Sep-01 21:37:12.000 [debug] (zeam-n2): forkchoice ticked slot to 1
Sep-01 21:37:12.000 [debug] (zeam-n2): node-1::chain received on slot cb at slot=1 head={ 177, 53, 196, 84, 235, 134, 62, 35, 61, 128, 66, 41, 91, 61, 96, 221, 116, 150, 135, 202, 120, 165, 113, 162, 131, 255, 204, 221, 73, 109, 103, 140 } headslot=0
Sep-01 21:37:13.000 [debug] (zeam-n2): node-1::chain received block onGossip cb at slot=lib.SignedBeamBlock{ .message = lib.BeamBlock{ .slot = 1, .proposer_index = 1, .parent_root = { 177, 53, 196, 84, 235, 134, 62, 35, 61, 128, 66, 41, 91, 61, 96, 221, 116, 150, 135, 202, 120, 165, 113, 162, 131, 255, 204, 221, 73, 109, 103, 140 }, .state_root = { 54, 126, 72, 234, 155, 192, 101, 143, 206, 208, 99, 251, 17, 81, 208, 237, 109, 66, 70, 228, 185, 19, 227, 85, 0, 20, 233, 214, 130, 158, 131, 200 }, .body = lib.BeamBlockBody{ .execution_payload_header = lib.ExecutionPayloadHeader{ ... }, .votes = { ... } } }, .signature = { 0, 0, 0, 0, 0, 0, 0, 0, 0, 0, 0, 0, 0, 0, 0, 0, 0, 0, 0, 0, 0, 0, 0, 0, 0, 0, 0, 0, 0, 0, 0, 0, 0, 0, 0, 0, 0, 0, 0, 0, 0, 0, 0, 0, 0, 0, 0, 0 } }
Sep-01 21:37:13.000 [debug] (zeam-n2): blockroot={ 172, 222, 68, 195, 174, 124, 74, 94, 237, 126, 8, 136, 85, 33, 233, 108, 134, 111, 72, 185, 75, 197, 48, 20, 111, 59, 29, 50, 7, 221, 150, 180 } hasblock=false
Sep-01 21:37:13.000 [debug] (zeam-n2): block processing is required hasParentBlock=true
Sep-01 21:37:13.000 [info] (zeam-n2): apply transition stateslot=0 blockslot=1

Sep-01 21:37:13.000 [debug] (zeam-n2): process block header

Sep-01 21:37:13.000 [debug] (zeam-n2): 

===================
process opetationg blockslot=1 
 prestate:historical hashes=0 justified slots ={  }, 
Sep-01 21:37:13.000 [debug] (zeam-n2): prestate justified=lib.Mini3SFCheckpoint{ .root = { 0, 0, 0, 0, 0, 0, 0, 0, 0, 0, 0, 0, 0, 0, 0, 0, 0, 0, 0, 0, 0, 0, 0, 0, 0, 0, 0, 0, 0, 0, 0, 0 }, .slot = 0 } finalized=lib.Mini3SFCheckpoint{ .root = { 0, 0, 0, 0, 0, 0, 0, 0, 0, 0, 0, 0, 0, 0, 0, 0, 0, 0, 0, 0, 0, 0, 0, 0, 0, 0, 0, 0, 0, 0, 0, 0 }, .slot = 0 }
.........


Sep-01 21:37:13.000 [debug] (zeam-n2): processed missed_slots=0 justified_slots={ 1 }, historical_block_hashes={ { 177, 53, 196, 84, 235, 134, 62, 35, 61, 128, 66, 41, 91, 61, 96, 221, 116, 150, 135, 202, 120, 165, 113, 162, 131, 255, 204, 221, 73, 109, 103, 140 } }
-----

Sep-01 21:37:13.000 [debug] (zeam-n2): 
---------------
poststate:historical hashes=1 justified slots ={ 1 }
 justifications_roots:{  }
 justifications_validators= {  }

Sep-01 21:37:13.000 [debug] (zeam-n2): poststate: justified=lib.Mini3SFCheckpoint{ .root = { 177, 53, 196, 84, 235, 134, 62, 35, 61, 128, 66, 41, 91, 61, 96, 221, 116, 150, 135, 202, 120, 165, 113, 162, 131, 255, 204, 221, 73, 109, 103, 140 }, .slot = 0 } finalized=lib.Mini3SFCheckpoint{ .root = { 177, 53, 196, 84, 235, 134, 62, 35, 61, 128, 66, 41, 91, 61, 96, 221, 116, 150, 135, 202, 120, 165, 113, 162, 131, 255, 204, 221, 73, 109, 103, 140 }, .slot = 0 }
---------------
------------



Sep-01 21:37:13.000 [debug] (zeam-n2): node-1::chain received on slot cb at slot=1 head={ 172, 222, 68, 195, 174, 124, 74, 94, 237, 126, 8, 136, 85, 33, 233, 108, 134, 111, 72, 185, 75, 197, 48, 20, 111, 59,Sep-01 21:37:16.000 [debug] (zeam-n1): Sep-01 21:37:16.000 [debug] (zeam-n2): forkchoice ticked slot to 2
Sep-01 21:37:16.000 [debug] (zeam-n2): node-1::going for block production opts=chain.BlockProductionParams{ .slot = 2, .proposer_index = 2 } raw block=lib.BeamBlock{ .slot = 2, .proposer_index = 2, .parent_rSep-01 21:37:16.000 [debug] (zeam-n1): node-0::chain received block onGossip cb at slot=lib.SignedBeamBlock{ .message = lib.BeamBlock{ .slot = 2, .proposer_index = 2, .parent_root = { 172, 222, 68, 195, 174, 124, 74, 94, 237, 126, 8, 136, 85, 33, 233, 108, 134, 111, 72, 185, 75, 197, 48, 20, 111, 59, 29, 50, 7, 221, 150, 180 }, .state_root = { 48, 45, 60, 172, 82, 251, 250, 212, 203, 223, 51, 132, 247, 8, 55, 167, 126, 32, 103, 79, 196, 229, 196, 240, 138, 235, 102, 252, 192, 53, 236, 242 }, .body = lib.BeamBlockBody{ .execution_payload_header = lib.ExecutionPayloadHeader{ ... }, .votes = { ... } } }, .signature = { 0, 0, 0, 0, 0, 0, 0, 0, 0, 0, 0, 0, 0, 0, 0, 0, 0, 0, 0, 0, 0, 0, 0, 0, 0, 0, 0, 0, 0, 0, 0, 0, 0, 0, 0, 0, 0, 0, 0, 0, 0, 0, 0, 0, 0, 0, 0, 0 } }
Sep-01 21:37:16.000 [debug] (zeam-n1): blockroot={ 83, 207, 164, 153, 123, 135, 62, 14, 255, 72, 62, 195, 9, 221, 204, 149, 157, 177, 41, 40, 47, 29, 220, 104, 190, 0, 103, 59, 50, 194, 197, 209 } hasblock=false
Sep-01 21:37:16.000 [debug] (zeam-n1): block processing is required hasParentBlock=true
Sep-01 21:37:16.000 [info] (zeam-n1): apply transition stateslot=1 blockslot=2

Sep-01 21:37:16.000 [debug] (zeam-n1): process block header

Sep-01 21:37:16.000 [debug] (zeam-n1): 

===================
process opetationg blockslot=2 
 prestate:historical hashes=1 justified slots ={ 1 }, 
Sep-01 21:37:16.000 [debug] (zeam-n1): prestate justified=lib.Mini3SFCheckpoint{ .root = { 177, 53, 196, 84, 235, 134, 62, 35, 61, 128, 66, 41, 91, 61, 96, 221, 116, 150, 135, 202, 120, 165, 113, 162, 131, 255, 204, 221, 73, 109, 103, 140 }, .slot = 0 } finalized=lib.Mini3SFCheckpoint{ .root = { 177, 53, 196, 84, 235, 134, 62, 35, 61, 128, 66, 41, 91, 61, 96, 221, 116, 150, 135, 202, 120, 165, 113, 162, 131, 255, 204, 221, 73, 109, 103, 140 }, .slot = 0 }
.........


Sep-01 21:37:16.000 [debug] (zeam-n1): processed missed_slots=0 justified_slots={ 1, 0 }, historical_block_hashes={ { 177, 53, 196, 84, 235, 134, 62, 35, 61, 128, 66, 41, 91, 61, 96, 221, 116, 150, 135, 202, 120, 165, 113, 162, 131, 255, 204, 221, 73, 109, 103, 140 }, { 172, 222, 68, 195, 174, 124, 74, 94, 237, 126, 8, 136, 85, 33, 233, 108, 134, 111, 72, 185, 75, 197, 48, 20, 111, 59, 29, 50, 7, 221, 150, 180 } }
-----

Sep-01 21:37:16.000 [debug] (zeam-n1): 
---------------
poststate:historical hashes=2 justified slots ={ 1, 0 }
 justifications_roots:{  }
 justifications_validators= {  }

Sep-01 21:37:16.000 [debug] (zeam-n1): poststate: justified=lib.Mini3SFCheckpoint{ .root = { 177, 53, 196, 84, 235, 134, 62, 35, 61, 128, 66, 41, 91, 61, 96, 221, 116, 150, 135, 202, 120, 165, 113, 162, 131, 255, 204, 221, 73, 109, 103, 140 }, .slot = 0 } finalized=lib.Mini3SFCheckpoint{ .root = { 177, 53, 196, 84, 235, 134, 62, 35, 61, 128, 66, 41, 91, 61, 96, 221, 116, 150, 135, 202, 120, 165, 113, 162, 131, 255, 204, 221, 73, 109, 103, 140 }, .slot = 0 }
---------------
------------



Sep-01 21:37:16.000 [debug] (zeam-n1): node-0::chain received on slot cb at slot=2 head={ 83, 207, 164, 153, 123, 135, 62, 14, 255, 72, 62, 195, 9, 221, 204, 149, 157, 177, 41, 40, 47, 29, 220, 104, 190, 0, 103, 59, 50, 194, 197, 209 } headslot=2
